0 info it worked if it ends with ok
1 verbose cli [ '/usr/local/bin/node',
1 verbose cli   '/usr/local/bin/npm',
1 verbose cli   'owner',
1 verbose cli   'add',
1 verbose cli   'salafrance',
1 verbose cli   've-sequence-utils' ]
2 info using npm@3.5.3
3 info using node@v4.2.4
4 verbose owner add salafrance to ve-sequence-utils
5 silly mapToRegistry name -/user/org.couchdb.user:salafrance
6 silly mapToRegistry using default registry
7 silly mapToRegistry registry https://registry.npmjs.org/
8 silly mapToRegistry uri https://registry.npmjs.org/-/user/org.couchdb.user:salafrance
9 verbose request uri https://registry.npmjs.org/-/user/org.couchdb.user:salafrance
10 verbose request new user, so can't send auth
11 info attempt registry request try #1 at 12:13:02 PM
12 verbose request using bearer token for auth
13 verbose request id 38c97fdbee905cbe
14 http request GET https://registry.npmjs.org/-/user/org.couchdb.user:salafrance
15 http 404 https://registry.npmjs.org/-/user/org.couchdb.user:salafrance
16 verbose headers { 'content-type': 'application/json',
16 verbose headers   'cache-control': 'max-age=0',
16 verbose headers   'content-length': '12',
16 verbose headers   'accept-ranges': 'bytes',
16 verbose headers   date: 'Wed, 10 Feb 2016 20:13:04 GMT',
16 verbose headers   via: '1.1 varnish',
16 verbose headers   connection: 'keep-alive',
16 verbose headers   'x-served-by': 'cache-sjc3132-SJC',
16 verbose headers   'x-cache': 'MISS',
16 verbose headers   'x-cache-hits': '0',
16 verbose headers   'x-timer': 'S1455135183.654785,VS0,VE395' }
17 silly get cb [ 404,
17 silly get   { 'content-type': 'application/json',
17 silly get     'cache-control': 'max-age=0',
17 silly get     'content-length': '12',
17 silly get     'accept-ranges': 'bytes',
17 silly get     date: 'Wed, 10 Feb 2016 20:13:04 GMT',
17 silly get     via: '1.1 varnish',
17 silly get     connection: 'keep-alive',
17 silly get     'x-served-by': 'cache-sjc3132-SJC',
17 silly get     'x-cache': 'MISS',
17 silly get     'x-cache-hits': '0',
17 silly get     'x-timer': 'S1455135183.654785,VS0,VE395' } ]
18 error owner mutate Error getting user data for salafrance
19 verbose stack Error: Registry returned 404 for GET on https://registry.npmjs.org/-/user/org.couchdb.user:salafrance
19 verbose stack     at makeError (/usr/local/lib/node_modules/npm/node_modules/npm-registry-client/lib/request.js:264:12)
19 verbose stack     at CachingRegistryClient.<anonymous> (/usr/local/lib/node_modules/npm/node_modules/npm-registry-client/lib/request.js:242:14)
19 verbose stack     at Request._callback (/usr/local/lib/node_modules/npm/node_modules/npm-registry-client/lib/request.js:172:14)
19 verbose stack     at Request.self.callback (/usr/local/lib/node_modules/npm/node_modules/request/request.js:198:22)
19 verbose stack     at emitTwo (events.js:87:13)
19 verbose stack     at Request.emit (events.js:172:7)
19 verbose stack     at Request.<anonymous> (/usr/local/lib/node_modules/npm/node_modules/request/request.js:1035:10)
19 verbose stack     at emitOne (events.js:82:20)
19 verbose stack     at Request.emit (events.js:169:7)
19 verbose stack     at IncomingMessage.<anonymous> (/usr/local/lib/node_modules/npm/node_modules/request/request.js:962:12)
20 verbose statusCode 404
21 verbose cwd /Users/tnrich/Sites/openVectorEditor/app/ve-sequence-utils
22 error Darwin 15.3.0
23 error argv "/usr/local/bin/node" "/usr/local/bin/npm" "owner" "add" "salafrance" "ve-sequence-utils"
24 error node v4.2.4
25 error npm  v3.5.3
26 error code E404
27 error 404 Registry returned 404 for GET on https://registry.npmjs.org/-/user/org.couchdb.user:salafrance
28 verbose exit [ 1, true ]
